Leadwerks Engine 2.3
Initializing Renderer...
OpenGL Version: 3.0.0
GLSL Version: 1.30 NVIDIA via Cg compiler
Render device: GeForce 8600 GT/PCI/SSE2/3DNOW!
Vendor: NVIDIA Corporation
DrawBuffers2 supported: 1
32 texture units supported.
GPU instancing supported: 1
Max batch size: 1024
Shader model 4.0 supported: 1
Conditional render supported: 0
Loading shader "zip::c:/software/multimedia/1299 new/abstract/shaders.pak//query.vert", ""...
Loading texture "c:/software/multimedia/1299 new/abstract/gui/cursor.dds"...
Loading texture "c:/software/multimedia/1299 new/abstract/gui/ui_new.dds"...
Loading texture "c:/software/multimedia/1299 new/abstract/gui/ui_loading1.dds"...
Loading texture "c:/software/multimedia/1299 new/abstract/gui/blank_green.dds"...
Loading texture "c:/software/multimedia/1299 new/abstract/gui/blank_green_alpha.dds"...
Loading texture "c:/software/multimedia/1299 new/abstract/materials/terrain/fowbase.dds"...
Loading model "c:/software/multimedia/1299 new/abstract/models/entities/light/directional/light_directional.gmf"...
Loading mesh "c:/software/multimedia/1299 new/abstract/models/entities/light/directional/light_directional.gmf"...
Loading material "c:/software/multimedia/1299 new/abstract/materials/effects/invisible.mat"...
Loading script "c:/software/multimedia/1299 new/abstract/models/entities/light/directional/light_directional.lua"...
Lua error: c:/software/multimedia/1299 new/abstract/models/entities/light/directional/light_directional.lua:1: module 'scripts/class' not found:
	no field package.preload['scripts/class']
	no file '.\scripts/class.lua'
	no file 'c:\Software\multimedia\1299 New\Source\VC2008\lua\scripts/class.lua'
	no file 'c:\Software\multimedia\1299 New\Source\VC2008\lua\scripts/class\init.lua'
	no file 'c:\Software\multimedia\1299 New\Source\VC2008\scripts/class.lua'
	no file 'c:\Software\multimedia\1299 New\Source\VC2008\scripts/class\init.lua'
	no file '.\scripts/class.dll'
	no file 'c:\Software\multimedia\1299 New\Source\VC2008\scripts/class.dll'
	no file 'c:\Software\multimedia\1299 New\Source\VC2008\loadall.dll'
Loading model "c:/software/multimedia/1299 new/abstract/models/entities/environment/atmosphere/environment_atmosphere.gmf"...
Loading mesh "c:/software/multimedia/1299 new/abstract/models/entities/environment/atmosphere/environment_atmosphere.gmf"...
Loading script "c:/software/multimedia/1299 new/abstract/models/entities/environment/atmosphere/environment_atmosphere.lua"...
Lua error: c:/software/multimedia/1299 new/abstract/models/entities/environment/atmosphere/environment_atmosphere.lua:1: module 'scripts/class' not found:
	no field package.preload['scripts/class']
	no file '.\scripts/class.lua'
	no file 'c:\Software\multimedia\1299 New\Source\VC2008\lua\scripts/class.lua'
	no file 'c:\Software\multimedia\1299 New\Source\VC2008\lua\scripts/class\init.lua'
	no file 'c:\Software\multimedia\1299 New\Source\VC2008\scripts/class.lua'
	no file 'c:\Software\multimedia\1299 New\Source\VC2008\scripts/class\init.lua'
	no file '.\scripts/class.dll'
	no file 'c:\Software\multimedia\1299 New\Source\VC2008\scripts/class.dll'
	no file 'c:\Software\multimedia\1299 New\Source\VC2008\loadall.dll'
Loading model "c:/software/multimedia/1299 new/abstract/models/entities/environment/waterplane/environment_waterplane.gmf"...
Loading mesh "c:/software/multimedia/1299 new/abstract/models/entities/environment/waterplane/environment_waterplane.gmf"...
Loading script "c:/software/multimedia/1299 new/abstract/models/entities/environment/waterplane/environment_waterplane.lua"...
Lua error: c:/software/multimedia/1299 new/abstract/models/entities/environment/waterplane/environment_waterplane.lua:1: module 'scripts/class' not found:
	no field package.preload['scripts/class']
	no file '.\scripts/class.lua'
	no file 'c:\Software\multimedia\1299 New\Source\VC2008\lua\scripts/class.lua'
	no file 'c:\Software\multimedia\1299 New\Source\VC2008\lua\scripts/class\init.lua'
	no file 'c:\Software\multimedia\1299 New\Source\VC2008\scripts/class.lua'
	no file 'c:\Software\multimedia\1299 New\Source\VC2008\scripts/class\init.lua'
	no file '.\scripts/class.dll'
	no file 'c:\Software\multimedia\1299 New\Source\VC2008\scripts/class.dll'
	no file 'c:\Software\multimedia\1299 New\Source\VC2008\loadall.dll'
Loading model "c:/software/multimedia/1299 new/abstract/models/1299/han1/1299_buildings_han1.gmf"...
Loading mesh "c:/software/multimedia/1299 new/abstract/models/1299/han1/1299_buildings_han1.gmf"...
Loading material "c:/software/multimedia/1299 new/abstract/models/1299/han1/handuvari01.mat"...
Loading texture "c:/software/multimedia/1299 new/abstract/models/1299/han1/bricks1.dds"...
Loading texture "c:/software/multimedia/1299 new/abstract/models/1299/han1/bricks1b.dds"...
Loading shader "zip::c:/software/multimedia/1299 new/abstract/shaders.pak//mesh/mesh_diffuse_bumpmap.vert", "zip::c:/software/multimedia/1299 new/abstract/shaders.pak//mesh/mesh_diffuse_bumpmap.frag"...
Loading shader "zip::c:/software/multimedia/1299 new/abstract/shaders.pak//mesh/mesh_shadow.vert", ""...
Loading material "c:/software/multimedia/1299 new/abstract/models/1299/han1/handuvari02.mat"...
Loading texture "c:/software/multimedia/1299 new/abstract/models/1299/han1/bricks2.dds"...
Loading texture "c:/software/multimedia/1299 new/abstract/models/1299/han1/bricks2b.dds"...
Loading material "c:/software/multimedia/1299 new/abstract/models/1299/han1/handuvari03.mat"...
Loading texture "c:/software/multimedia/1299 new/abstract/models/1299/han1/bricks3.dds"...
Loading texture "c:/software/multimedia/1299 new/abstract/models/1299/han1/bricks3b.dds"...
Loading material "c:/software/multimedia/1299 new/abstract/models/1299/han1/handuvari04.mat"...
Loading texture "c:/software/multimedia/1299 new/abstract/models/1299/han1/bricks4.dds"...
Loading texture "c:/software/multimedia/1299 new/abstract/models/1299/han1/bricks4b.dds"...
Loading material "c:/software/multimedia/1299 new/abstract/models/1299/han1/hancatisi01.mat"...
Loading texture "c:/software/multimedia/1299 new/abstract/models/1299/han1/innroof1.dds"...
Loading texture "c:/software/multimedia/1299 new/abstract/models/1299/han1/innroof1b.dds"...
Loading material "c:/software/multimedia/1299 new/abstract/models/1299/han1/hanbosduvari01.mat"...
Loading texture "c:/software/multimedia/1299 new/abstract/models/1299/han1/innwalls1.dds"...
Loading texture "c:/software/multimedia/1299 new/abstract/models/1299/han1/innwalls1b.dds"...
Loading material "c:/software/multimedia/1299 new/abstract/models/1299/han1/hankapisi01.mat"...
Loading texture "c:/software/multimedia/1299 new/abstract/models/1299/han1/inndoor1.dds"...
Loading texture "c:/software/multimedia/1299 new/abstract/models/1299/han1/inndoor1b.dds"...
Loading script "c:/software/multimedia/1299 new/abstract/models/1299/han1/1299_buildings_han1.lua"...
Lua error: c:/software/multimedia/1299 new/abstract/models/1299/han1/1299_buildings_han1.lua:1: module 'scripts/class' not found:
	no field package.preload['scripts/class']
	no file '.\scripts/class.lua'
	no file 'c:\Software\multimedia\1299 New\Source\VC2008\lua\scripts/class.lua'
	no file 'c:\Software\multimedia\1299 New\Source\VC2008\lua\scripts/class\init.lua'
	no file 'c:\Software\multimedia\1299 New\Source\VC2008\scripts/class.lua'
	no file 'c:\Software\multimedia\1299 New\Source\VC2008\scripts/class\init.lua'
	no file '.\scripts/class.dll'
	no file 'c:\Software\multimedia\1299 New\Source\VC2008\scripts/class.dll'
	no file 'c:\Software\multimedia\1299 New\Source\VC2008\loadall.dll'
Loading mesh "c:/software/multimedia/1299 new/abstract/models/1299/han1/1299_buildings_han1lod1.gmf"...
Loading model "c:/software/multimedia/1299 new/abstract/models/1299/kopru1/1299_buildings_kopru1.gmf"...
Loading mesh "c:/software/multimedia/1299 new/abstract/models/1299/kopru1/1299_buildings_kopru1.gmf"...
Loading material "c:/software/multimedia/1299 new/abstract/models/1299/kopru1/handuvari01.mat"...
Loading texture "c:/software/multimedia/1299 new/abstract/models/1299/kopru1/bricks1.dds"...
Loading texture "c:/software/multimedia/1299 new/abstract/models/1299/kopru1/bricks1b.dds"...
Loading material "c:/software/multimedia/1299 new/abstract/models/1299/kopru1/handuvari04.mat"...
Loading texture "c:/software/multimedia/1299 new/abstract/models/1299/kopru1/bricks4.dds"...
Loading texture "c:/software/multimedia/1299 new/abstract/models/1299/kopru1/bricks4b.dds"...
Loading material "c:/software/multimedia/1299 new/abstract/models/1299/kopru1/hanbosduvari01.mat"...
Loading texture "c:/software/multimedia/1299 new/abstract/models/1299/kopru1/innwalls1.dds"...
Loading texture "c:/software/multimedia/1299 new/abstract/models/1299/kopru1/innwalls1b.dds"...
Loading model "c:/software/multimedia/1299 new/abstract/models/1299/karakterler/osmanlikoylu/charottomanvillager.gmf"...
Loading mesh "c:/software/multimedia/1299 new/abstract/models/1299/karakterler/osmanlikoylu/charottomanvillager.gmf"...
Loading material "c:/software/multimedia/1299 new/abstract/models/1299/karakterler/osmanlikoylu/koylukiyafet.mat"...
Loading texture "c:/software/multimedia/1299 new/abstract/models/1299/karakterler/osmanlikoylu/koylukiyafet.dds"...
Loading shader "zip::c:/software/multimedia/1299 new/abstract/shaders.pak//mesh/mesh_diffuse.vert", "zip::c:/software/multimedia/1299 new/abstract/shaders.pak//mesh/mesh_diffuse.frag"...
Loading material "c:/software/multimedia/1299 new/abstract/models/1299/karakterler/osmanlikoylu/koylukemer.mat"...
Loading material "c:/software/multimedia/1299 new/abstract/models/1299/karakterler/osmanlikoylu/koyluelbisea.mat"...
Loading shader "zip::c:/software/multimedia/1299 new/abstract/shaders.pak//mesh/mesh.vert", "zip::c:/software/multimedia/1299 new/abstract/shaders.pak//mesh/mesh.frag"...
Loading material "c:/software/multimedia/1299 new/abstract/models/1299/karakterler/osmanlikoylu/koylukollar.mat"...
Loading material "c:/software/multimedia/1299 new/abstract/models/1299/karakterler/osmanlikoylu/koyluelbisesaplar.mat"...
Loading material "c:/software/multimedia/1299 new/abstract/models/1299/karakterler/osmanlikoylu/koylupantolon.mat"...
Loading texture "c:/software/multimedia/1299 new/abstract/models/1299/karakterler/osmanlikoylu/koylupant.dds"...
Loading material "c:/software/multimedia/1299 new/abstract/models/1299/karakterler/osmanlikoylu/koylubot.mat"...
Loading texture "c:/software/multimedia/1299 new/abstract/models/1299/karakterler/osmanlikoylu/koylubot.dds"...
Loading material "c:/software/multimedia/1299 new/abstract/models/1299/karakterler/osmanlikoylu/koylubotboyun.mat"...
Loading material "c:/software/multimedia/1299 new/abstract/models/1299/karakterler/osmanlikoylu/koylubottaban.mat"...
Loading material "c:/software/multimedia/1299 new/abstract/models/1299/karakterler/osmanlikoylu/koyluvucutkalca.mat"...
Loading texture "c:/software/multimedia/1299 new/abstract/models/1299/karakterler/osmanlikoylu/koyluvucut.dds"...
Warning: Failed to load texture "c:/software/multimedia/1299 new/abstract/models/1299/karakterler/osmanlikoylu/M3_BodyBHI.jpg": Path not found.
Warning: Failed to load texture "abstract::M3_BodyBHI.jpg": Path not found.
Failed to load texture "M3_BodyBHI.jpg".1
Loading material "c:/software/multimedia/1299 new/abstract/models/1299/karakterler/osmanlikoylu/koyluvucutgogus.mat"...
Loading texture "c:/software/multimedia/1299 new/abstract/models/1299/karakterler/osmanlikoylu/koyluvucutb.dds"...
Loading material "c:/software/multimedia/1299 new/abstract/models/1299/karakterler/osmanlikoylu/koylusactaban.mat"...
Loading material "c:/software/multimedia/1299 new/abstract/models/1299/karakterler/osmanlikoylu/koyluvucutbel.mat"...
Warning: Failed to load texture "c:/software/multimedia/1299 new/abstract/models/1299/karakterler/osmanlikoylu/M3_BodyBHI.jpg": Path not found.
Warning: Failed to load texture "abstract::M3_BodyBHI.jpg": Path not found.
Failed to load texture "M3_BodyBHI.jpg".1
Loading material "c:/software/multimedia/1299 new/abstract/models/1299/karakterler/osmanlikoylu/koyluvucutboyun.mat"...
Loading material "c:/software/multimedia/1299 new/abstract/models/1299/karakterler/osmanlikoylu/koylubas.mat"...
Loading texture "c:/software/multimedia/1299 new/abstract/models/1299/karakterler/osmanlikoylu/koylubas.dds"...
Warning: Failed to load texture "c:/software/multimedia/1299 new/abstract/models/1299/karakterler/osmanlikoylu/M3_HeadBHI.jpg": Path not found.
Warning: Failed to load texture "abstract::M3_HeadBHI.jpg": Path not found.
Failed to load texture "M3_HeadBHI.jpg".1
Loading material "c:/software/multimedia/1299 new/abstract/models/1299/karakterler/osmanlikoylu/koylubas2.mat"...
Warning: Failed to load texture "c:/software/multimedia/1299 new/abstract/models/1299/karakterler/osmanlikoylu/M3_HeadBHI.jpg": Path not found.
Warning: Failed to load texture "abstract::M3_HeadBHI.jpg": Path not found.
Failed to load texture "M3_HeadBHI.jpg".1
Loading material "c:/software/multimedia/1299 new/abstract/models/1299/karakterler/osmanlikoylu/koylukulak.mat"...
Warning: Failed to load texture "c:/software/multimedia/1299 new/abstract/models/1299/karakterler/osmanlikoylu/M3_HeadBHI.jpg": Path not found.
Warning: Failed to load texture "abstract::M3_HeadBHI.jpg": Path not found.
Failed to load texture "M3_HeadBHI.jpg".1
Loading material "c:/software/multimedia/1299 new/abstract/models/1299/karakterler/osmanlikoylu/koylugozcevresi.mat"...
Warning: Failed to load texture "c:/software/multimedia/1299 new/abstract/models/1299/karakterler/osmanlikoylu/M3_HeadBHI.jpg": Path not found.
Warning: Failed to load texture "abstract::M3_HeadBHI.jpg": Path not found.
Failed to load texture "M3_HeadBHI.jpg".1
Loading material "c:/software/multimedia/1299 new/abstract/models/1299/karakterler/osmanlikoylu/koyluagizici.mat"...
Warning: Failed to load texture "c:/software/multimedia/1299 new/abstract/models/1299/karakterler/osmanlikoylu/M3_HeadBHI.jpg": Path not found.
Warning: Failed to load texture "abstract::M3_HeadBHI.jpg": Path not found.
Failed to load texture "M3_HeadBHI.jpg".1
Loading material "c:/software/multimedia/1299 new/abstract/models/1299/karakterler/osmanlikoylu/koylududaklar.mat"...
Warning: Failed to load texture "c:/software/multimedia/1299 new/abstract/models/1299/karakterler/osmanlikoylu/M3_HeadBHI.jpg": Path not found.
Warning: Failed to load texture "abstract::M3_HeadBHI.jpg": Path not found.
Failed to load texture "M3_HeadBHI.jpg".1
Loading material "c:/software/multimedia/1299 new/abstract/models/1299/karakterler/osmanlikoylu/koylugozalti.mat"...
Warning: Failed to load texture "c:/software/multimedia/1299 new/abstract/models/1299/karakterler/osmanlikoylu/M3_HeadBHI.jpg": Path not found.
Warning: Failed to load texture "abstract::M3_HeadBHI.jpg": Path not found.
Failed to load texture "M3_HeadBHI.jpg".1
Loading material "c:/software/multimedia/1299 new/abstract/models/1299/karakterler/osmanlikoylu/koylukirpik.mat"...
Loading material "c:/software/multimedia/1299 new/abstract/models/1299/karakterler/osmanlikoylu/koyludisler.mat"...
Loading texture "c:/software/multimedia/1299 new/abstract/models/1299/karakterler/osmanlikoylu/koyludis.dds"...
Warning: Failed to load texture "c:/software/multimedia/1299 new/abstract/models/1299/karakterler/osmanlikoylu/M3_TeethBHI.jpg": Path not found.
Warning: Failed to load texture "abstract::M3_TeethBHI.jpg": Path not found.
Failed to load texture "M3_TeethBHI.jpg".1
Loading material "c:/software/multimedia/1299 new/abstract/models/1299/karakterler/osmanlikoylu/koyludamaklar.mat"...
Warning: Failed to load texture "c:/software/multimedia/1299 new/abstract/models/1299/karakterler/osmanlikoylu/M3_TeethBHI.jpg": Path not found.
Warning: Failed to load texture "abstract::M3_TeethBHI.jpg": Path not found.
Failed to load texture "M3_TeethBHI.jpg".1
Loading material "c:/software/multimedia/1299 new/abstract/models/1299/karakterler/osmanlikoylu/koyludil.mat"...
Warning: Failed to load texture "c:/software/multimedia/1299 new/abstract/models/1299/karakterler/osmanlikoylu/M3_HeadBHI.jpg": Path not found.
Warning: Failed to load texture "abstract::M3_HeadBHI.jpg": Path not found.
Failed to load texture "M3_HeadBHI.jpg".1
Loading material "c:/software/multimedia/1299 new/abstract/models/1299/karakterler/osmanlikoylu/koylusolkornea.mat"...
Loading texture "c:/software/multimedia/1299 new/abstract/models/1299/karakterler/osmanlikoylu/koylugoz.dds"...
Loading material "c:/software/multimedia/1299 new/abstract/models/1299/karakterler/osmanlikoylu/koylusolgozkapagi.mat"...
Warning: Failed to load texture "c:/software/multimedia/1299 new/abstract/models/1299/karakterler/osmanlikoylu/M3_EyesBHI.jpg": Path not found.
Warning: Failed to load texture "abstract::M3_EyesBHI.jpg": Path not found.
Failed to load texture "M3_EyesBHI.jpg".1
Loading material "c:/software/multimedia/1299 new/abstract/models/1299/karakterler/osmanlikoylu/koylusagkornea.mat"...
Loading material "c:/software/multimedia/1299 new/abstract/models/1299/karakterler/osmanlikoylu/koylusaggozbebegi.mat"...
Warning: Failed to load texture "c:/software/multimedia/1299 new/abstract/models/1299/karakterler/osmanlikoylu/M3_EyesBHI.jpg": Path not found.
Warning: Failed to load texture "abstract::M3_EyesBHI.jpg": Path not found.
Failed to load texture "M3_EyesBHI.jpg".1
Loading material "c:/software/multimedia/1299 new/abstract/models/1299/karakterler/osmanlikoylu/koylukol.mat"...
Warning: Failed to load texture "c:/software/multimedia/1299 new/abstract/models/1299/karakterler/osmanlikoylu/M3_BodyBHI.jpg": Path not found.
Warning: Failed to load texture "abstract::M3_BodyBHI.jpg": Path not found.
Failed to load texture "M3_BodyBHI.jpg".1
Loading material "c:/software/multimedia/1299 new/abstract/models/1299/karakterler/osmanlikoylu/koylukoldirsek.mat"...
Warning: Failed to load texture "c:/software/multimedia/1299 new/abstract/models/1299/karakterler/osmanlikoylu/M3_BodyBHI.jpg": Path not found.
Warning: Failed to load texture "abstract::M3_BodyBHI.jpg": Path not found.
Failed to load texture "M3_BodyBHI.jpg".1
Loading material "c:/software/multimedia/1299 new/abstract/models/1299/karakterler/osmanlikoylu/koyluel.mat"...
Warning: Failed to load texture "c:/software/multimedia/1299 new/abstract/models/1299/karakterler/osmanlikoylu/M3_BodyBHI.jpg": Path not found.
Warning: Failed to load texture "abstract::M3_BodyBHI.jpg": Path not found.
Failed to load texture "M3_BodyBHI.jpg".1
Loading material "c:/software/multimedia/1299 new/abstract/models/1299/karakterler/osmanlikoylu/koylutirnaklar.mat"...
Warning: Failed to load texture "c:/software/multimedia/1299 new/abstract/models/1299/karakterler/osmanlikoylu/M3_BodyBHI.jpg": Path not found.
Warning: Failed to load texture "abstract::M3_BodyBHI.jpg": Path not found.
Failed to load texture "M3_BodyBHI.jpg".1
Loading material "c:/software/multimedia/1299 new/abstract/models/1299/karakterler/osmanlikoylu/koylubacak.mat"...
Loading material "c:/software/multimedia/1299 new/abstract/models/1299/karakterler/osmanlikoylu/koyluayaklar.mat"...
Warning: Failed to load texture "c:/software/multimedia/1299 new/abstract/models/1299/karakterler/osmanlikoylu/M3_BodyBHI.jpg": Path not found.
Warning: Failed to load texture "abstract::M3_BodyBHI.jpg": Path not found.
Failed to load texture "M3_BodyBHI.jpg".1
Loading material "c:/software/multimedia/1299 new/abstract/models/1299/karakterler/osmanlikoylu/koylukas.mat"...
Loading material "c:/software/multimedia/1299 new/abstract/models/1299/karakterler/osmanlikoylu/koylusolgozbeyazi.mat"...
Warning: Failed to load texture "c:/software/multimedia/1299 new/abstract/models/1299/karakterler/osmanlikoylu/M3_EyesBHI.jpg": Path not found.
Warning: Failed to load texture "abstract::M3_EyesBHI.jpg": Path not found.
Failed to load texture "M3_EyesBHI.jpg".1
Loading material "c:/software/multimedia/1299 new/abstract/models/1299/karakterler/osmanlikoylu/koylusolgozbebegi.mat"...
Warning: Failed to load texture "c:/software/multimedia/1299 new/abstract/models/1299/karakterler/osmanlikoylu/M3_EyesBHI.jpg": Path not found.
Warning: Failed to load texture "abstract::M3_EyesBHI.jpg": Path not found.
Failed to load texture "M3_EyesBHI.jpg".1
Loading material "c:/software/multimedia/1299 new/abstract/models/1299/karakterler/osmanlikoylu/koylusaggozbeyazi.mat"...
Warning: Failed to load texture "c:/software/multimedia/1299 new/abstract/models/1299/karakterler/osmanlikoylu/M3_EyesBHI.jpg": Path not found.
Warning: Failed to load texture "abstract::M3_EyesBHI.jpg": Path not found.
Failed to load texture "M3_EyesBHI.jpg".1
Loading material "c:/software/multimedia/1299 new/abstract/models/1299/karakterler/osmanlikoylu/koyluayaktirnaklari.mat"...
Loading material "c:/software/multimedia/1299 new/abstract/models/1299/karakterler/osmanlikoylu/koylusac.mat"...
Loading texture "c:/software/multimedia/1299 new/abstract/models/1299/karakterler/osmanlikoylu/koylusac.dds"...
Loading material "c:/software/multimedia/1299 new/abstract/models/1299/karakterler/osmanlikoylu/koylusakalcene.mat"...
Loading material "c:/software/multimedia/1299 new/abstract/models/1299/karakterler/osmanlikoylu/koylusakal.mat"...
Loading material "c:/software/multimedia/1299 new/abstract/models/1299/karakterler/osmanlikoylu/koylubiyik.mat"...
Loading model "c:/software/multimedia/1299 new/abstract/models/vegetation/trees/vegetation_tree_oak_gmf/vegetation_tree_oak_c.gmf"...
Loading mesh "c:/software/multimedia/1299 new/abstract/models/vegetation/trees/vegetation_tree_oak_gmf/vegetation_tree_oak_c.gmf"...
Loading material "c:/software/multimedia/1299 new/abstract/models/vegetation/trees/vegetation_tree_oak_gmf/vegetation_tree_oak_branch.mat"...
Loading texture "c:/software/multimedia/1299 new/abstract/models/vegetation/trees/vegetation_tree_oak_gmf/oakbranch_d.dds"...
Loading texture "c:/software/multimedia/1299 new/abstract/models/vegetation/trees/vegetation_tree_oak_gmf/oakbranch_ddn.dds"...
Loading shader "zip::c:/software/multimedia/1299 new/abstract/shaders.pak//mesh/mesh_diffuse_bumpmap.vert", "zip::c:/software/multimedia/1299 new/abstract/shaders.pak//mesh/mesh_diffuse_bumpmap_specular.frag"...
Loading material "c:/software/multimedia/1299 new/abstract/models/vegetation/trees/vegetation_tree_oak_gmf/vegetation_tree_oak_leaf.mat"...
Loading texture "c:/software/multimedia/1299 new/abstract/models/vegetation/trees/vegetation_tree_oak_gmf/oak_leaf_d.dds"...
Loading texture "c:/software/multimedia/1299 new/abstract/models/vegetation/trees/vegetation_tree_oak_gmf/oak_leaf_ddn.dds"...
Loading shader "zip::c:/software/multimedia/1299 new/abstract/shaders.pak//mesh/mesh_diffuse_bumpmap_sway.vert", "zip::c:/software/multimedia/1299 new/abstract/shaders.pak//mesh/mesh_diffuse_bumpmap_alphatest.frag"...
Loading shader "zip::c:/software/multimedia/1299 new/abstract/shaders.pak//mesh/mesh_shadow_sway.vert", "zip::c:/software/multimedia/1299 new/abstract/shaders.pak//mesh/mesh_shadow.frag"...
Loading mesh "c:/software/multimedia/1299 new/abstract/models/vegetation/trees/vegetation_tree_oak_gmf/vegetation_tree_oak_clod1.gmf"...
Loading model "c:/software/multimedia/1299 new/abstract/models/vegetation/trees/vegetation_tree_oak_gmf/vegetation_tree_oak_a.gmf"...
Loading mesh "c:/software/multimedia/1299 new/abstract/models/vegetation/trees/vegetation_tree_oak_gmf/vegetation_tree_oak_a.gmf"...
Loading mesh "c:/software/multimedia/1299 new/abstract/models/vegetation/trees/vegetation_tree_oak_gmf/vegetation_tree_oak_alod1.gmf"...
Loading mesh "c:/software/multimedia/1299 new/abstract/models/vegetation/trees/vegetation_tree_oak_gmf/vegetation_tree_oak_alod2.gmf"...
Loading model "c:/software/multimedia/1299 new/abstract/models/vegetation/trees/vegetation_tree_oak_gmf/vegetation_tree_oak_b.gmf"...
Loading mesh "c:/software/multimedia/1299 new/abstract/models/vegetation/trees/vegetation_tree_oak_gmf/vegetation_tree_oak_b.gmf"...
Loading mesh "c:/software/multimedia/1299 new/abstract/models/vegetation/trees/vegetation_tree_oak_gmf/vegetation_tree_oak_blod1.gmf"...
Loading mesh "c:/software/multimedia/1299 new/abstract/models/vegetation/trees/vegetation_tree_oak_gmf/vegetation_tree_oak_blod2.gmf"...
Loading model "c:/software/multimedia/1299 new/abstract/models/vegetation/trees/vegetation_tree_oak_gmf/vegetation_tree_oak_d.gmf"...
Loading mesh "c:/software/multimedia/1299 new/abstract/models/vegetation/trees/vegetation_tree_oak_gmf/vegetation_tree_oak_d.gmf"...
Loading mesh "c:/software/multimedia/1299 new/abstract/models/vegetation/trees/vegetation_tree_oak_gmf/vegetation_tree_oak_dlod1.gmf"...
Loading shader "zip::c:/software/multimedia/1299 new/abstract/shaders.pak//editor/generic.vert", "zip::c:/software/multimedia/1299 new/abstract/shaders.pak//editor/sobel.frag"...
Loading heightmap...
Loading texture "c:/software/multimedia/1299 new/abstract/materials/terrain/forest/terrain_forest_grass.dds"...
Loading texture "c:/software/multimedia/1299 new/abstract/materials/terrain/forest/terrain_forest_grassdot3.dds"...
Loading texture "c:/software/multimedia/1299 new/abstract/materials/terrain/forest/terrain_forest_dirt.dds"...
Loading texture "c:/software/multimedia/1299 new/abstract/materials/terrain/forest/terrain_forest_dirtdot3.dds"...
Loading texture "c:/software/multimedia/1299 new/abstract/maps/part1_level1_alpha.dds"...
Loading shader "zip::c:/software/multimedia/1299 new/abstract/shaders.pak//terrain/terrain_flat.vert", "zip::c:/software/multimedia/1299 new/abstract/shaders.pak//terrain/terrain.frag"...
Loading material "c:/software/multimedia/1299 new/abstract/materials/sky/sky35.mat"...
Loading texture "c:/software/multimedia/1299 new/abstract/materials/sky/sky35.dds"...
Loading shader "zip::c:/software/multimedia/1299 new/abstract/shaders.pak//mesh/skybox.vert", "zip::c:/software/multimedia/1299 new/abstract/shaders.pak//mesh/skybox.frag"...
Deleting mesh reference "c:/software/multimedia/1299 new/abstract/models/entities/environment/waterplane/environment_waterplane.gmf"
Deleting mesh reference "c:/software/multimedia/1299 new/abstract/models/entities/light/directional/light_directional.gmf"
Deleting mesh reference "c:/software/multimedia/1299 new/abstract/models/entities/environment/atmosphere/environment_atmosphere.gmf"
Deleting material reference "c:/software/multimedia/1299 new/abstract/materials/effects/invisible.mat"
Loading shader "zip::c:/software/multimedia/1299 new/abstract/shaders.pak//terrain/terrain.vert", "zip::c:/software/multimedia/1299 new/abstract/shaders.pak//terrain/terrain.frag"...
Loading texture "incbin::noise.dds"...
Loading shader "zip::c:/software/multimedia/1299 new/abstract/shaders.pak//postfilters/postfilter.vert", "zip::c:/software/multimedia/1299 new/abstract/shaders.pak//lighting/directionallight.frag"...
Loading shader "zip::c:/software/multimedia/1299 new/abstract/shaders.pak//postfilters/postfilter.vert", "zip::c:/software/multimedia/1299 new/abstract/shaders.pak//postfilters/presets/postfilter_caustics.frag"...
Loading texture "c:/software/multimedia/1299 new/abstract/materials/water/caustics_029.dds"...
Loading texture "c:/software/multimedia/1299 new/abstract/materials/water/water02_30.dds"...
Loading material "c:/software/multimedia/1299 new/abstract/materials/water/water.mat"...
Warning: Failed to load texture "c:/software/multimedia/1299 new/abstract/materials/water/water01DOT3.dds": Path not found.
Warning: Failed to load texture "abstract::water01DOT3.dds": Path not found.
Failed to load texture "water01DOT3.dds".1
Warning: Failed to load texture "c:/software/multimedia/1299 new/abstract/materials/water/wobbleDOT3.dds": Path not found.
Loading texture "c:/software/multimedia/1299 new/abstract/materials/effects/wobbledot3.dds"...
Warning: Failed to load texture "c:/software/multimedia/1299 new/abstract/materials/water/caustics.dds": Path not found.
Warning: Failed to load texture "abstract::caustics.dds": Path not found.
Failed to load texture "caustics.dds".1
Loading shader "zip::c:/software/multimedia/1299 new/abstract/shaders.pak//mesh/mesh_diffuse.vert", "zip::c:/software/multimedia/1299 new/abstract/shaders.pak//mesh/water.frag"...
Loading shader "zip::c:/software/multimedia/1299 new/abstract/shaders.pak//postfilters/postfilter.vert", "zip::c:/software/multimedia/1299 new/abstract/shaders.pak//lighting/directionallight.frag"...
Loading shader "zip::c:/software/multimedia/1299 new/abstract/shaders.pak//postfilters/postfilter.vert", "zip::c:/software/multimedia/1299 new/abstract/shaders.pak//postfilters/depthblit.frag"...
Loading texture "incbin::Arial9.dds"...
Loading texture "c:/software/multimedia/1299 new/abstract/materials/water/caustics_015.dds"...
Loading texture "c:/software/multimedia/1299 new/abstract/materials/water/water02_07.dds"...
Loading texture "c:/software/multimedia/1299 new/abstract/materials/water/caustics_024.dds"...
Loading texture "c:/software/multimedia/1299 new/abstract/materials/water/water02_12.dds"...
Loading texture "c:/software/multimedia/1299 new/abstract/materials/water/caustics_025.dds"...
Loading texture "c:/software/multimedia/1299 new/abstract/materials/water/caustics_026.dds"...
Loading texture "c:/software/multimedia/1299 new/abstract/materials/water/water02_13.dds"...
Loading texture "c:/software/multimedia/1299 new/abstract/materials/water/caustics_027.dds"...
Loading texture "c:/software/multimedia/1299 new/abstract/materials/water/caustics_028.dds"...
Loading texture "c:/software/multimedia/1299 new/abstract/materials/water/water02_14.dds"...
Loading texture "c:/software/multimedia/1299 new/abstract/materials/water/caustics_030.dds"...
Loading texture "c:/software/multimedia/1299 new/abstract/materials/water/water02_15.dds"...
Loading texture "c:/software/multimedia/1299 new/abstract/materials/water/caustics_031.dds"...
Loading texture "c:/software/multimedia/1299 new/abstract/materials/water/caustics_000.dds"...
Loading texture "c:/software/multimedia/1299 new/abstract/materials/water/water02_16.dds"...
Loading texture "c:/software/multimedia/1299 new/abstract/materials/water/caustics_001.dds"...
Loading texture "c:/software/multimedia/1299 new/abstract/materials/water/caustics_002.dds"...
Loading texture "c:/software/multimedia/1299 new/abstract/materials/water/water02_17.dds"...
Loading texture "c:/software/multimedia/1299 new/abstract/materials/water/caustics_003.dds"...
Loading texture "c:/software/multimedia/1299 new/abstract/materials/water/caustics_004.dds"...
Loading texture "c:/software/multimedia/1299 new/abstract/materials/water/water02_18.dds"...
Loading texture "c:/software/multimedia/1299 new/abstract/materials/water/caustics_005.dds"...
Loading texture "c:/software/multimedia/1299 new/abstract/materials/water/caustics_006.dds"...
Loading texture "c:/software/multimedia/1299 new/abstract/materials/water/water02_19.dds"...
Loading texture "c:/software/multimedia/1299 new/abstract/materials/water/caustics_007.dds"...
Loading texture "c:/software/multimedia/1299 new/abstract/materials/water/caustics_008.dds"...
Loading texture "c:/software/multimedia/1299 new/abstract/materials/water/water02_20.dds"...
Loading texture "c:/software/multimedia/1299 new/abstract/materials/water/caustics_009.dds"...
Loading texture "c:/software/multimedia/1299 new/abstract/materials/water/caustics_010.dds"...
Loading texture "c:/software/multimedia/1299 new/abstract/materials/water/water02_21.dds"...
Loading texture "c:/software/multimedia/1299 new/abstract/materials/water/caustics_011.dds"...
Loading texture "c:/software/multimedia/1299 new/abstract/materials/water/caustics_012.dds"...
Loading texture "c:/software/multimedia/1299 new/abstract/materials/water/water02_22.dds"...
Loading texture "c:/software/multimedia/1299 new/abstract/materials/water/caustics_013.dds"...
Loading texture "c:/software/multimedia/1299 new/abstract/materials/water/caustics_014.dds"...
Loading texture "c:/software/multimedia/1299 new/abstract/materials/water/water02_23.dds"...
Loading texture "c:/software/multimedia/1299 new/abstract/materials/water/caustics_016.dds"...
Loading texture "c:/software/multimedia/1299 new/abstract/materials/water/water02_24.dds"...
Loading texture "c:/software/multimedia/1299 new/abstract/materials/water/caustics_017.dds"...
Loading texture "c:/software/multimedia/1299 new/abstract/materials/water/caustics_018.dds"...
Loading texture "c:/software/multimedia/1299 new/abstract/materials/water/water02_25.dds"...
Loading texture "c:/software/multimedia/1299 new/abstract/materials/water/caustics_019.dds"...
Loading texture "c:/software/multimedia/1299 new/abstract/materials/water/caustics_020.dds"...
Loading texture "c:/software/multimedia/1299 new/abstract/materials/water/water02_26.dds"...
Loading texture "c:/software/multimedia/1299 new/abstract/materials/water/caustics_021.dds"...
Loading texture "c:/software/multimedia/1299 new/abstract/materials/water/caustics_022.dds"...
Loading texture "c:/software/multimedia/1299 new/abstract/materials/water/water02_27.dds"...
Loading texture "c:/software/multimedia/1299 new/abstract/materials/water/caustics_023.dds"...
Loading texture "c:/software/multimedia/1299 new/abstract/materials/water/water02_28.dds"...
Loading texture "c:/software/multimedia/1299 new/abstract/materials/water/water02_29.dds"...
Loading texture "c:/software/multimedia/1299 new/abstract/materials/water/water02_31.dds"...
Loading texture "c:/software/multimedia/1299 new/abstract/materials/water/water02_00.dds"...
Loading texture "c:/software/multimedia/1299 new/abstract/materials/water/water02_01.dds"...
Loading texture "c:/software/multimedia/1299 new/abstract/materials/water/water02_02.dds"...
Loading texture "c:/software/multimedia/1299 new/abstract/materials/water/water02_03.dds"...
Loading texture "c:/software/multimedia/1299 new/abstract/materials/water/water02_04.dds"...
Loading texture "c:/software/multimedia/1299 new/abstract/materials/water/water02_05.dds"...
Loading texture "c:/software/multimedia/1299 new/abstract/materials/water/water02_06.dds"...
Loading texture "c:/software/multimedia/1299 new/abstract/materials/water/water02_08.dds"...
Loading texture "c:/software/multimedia/1299 new/abstract/materials/water/water02_09.dds"...
Loading texture "c:/software/multimedia/1299 new/abstract/materials/water/water02_10.dds"...
Loading texture "c:/software/multimedia/1299 new/abstract/materials/water/water02_11.dds"...
Terminate function
